{"/Users/mystes/Documents/MySpace/ErrorReport/src/index.ts": {"path":"/Users/mystes/Documents/MySpace/ErrorReport/src/index.ts","statementMap":{"0":{"start":{"line":12,"column":59},"end":{"line":22,"column":1}},"1":{"start":{"line":13,"column":24},"end":{"line":13,"column":48}},"2":{"start":{"line":14,"column":30},"end":{"line":14,"column":49}},"3":{"start":{"line":15,"column":4},"end":{"line":15,"column":30}},"4":{"start":{"line":15,"column":18},"end":{"line":15,"column":30}},"5":{"start":{"line":16,"column":40},"end":{"line":16,"column":48}},"6":{"start":{"line":17,"column":4},"end":{"line":21,"column":6}},"7":{"start":{"line":24,"column":13},"end":{"line":38,"column":2}},"8":{"start":{"line":25,"column":4},"end":{"line":30,"column":null}},"9":{"start":{"line":26,"column":8},"end":{"line":29,"column":null}},"10":{"start":{"line":31,"column":27},"end":{"line":31,"column":51}},"11":{"start":{"line":32,"column":28},"end":{"line":32,"column":40}},"12":{"start":{"line":33,"column":43},"end":{"line":33,"column":87}},"13":{"start":{"line":33,"column":62},"end":{"line":33,"column":87}},"14":{"start":{"line":34,"column":4},"end":{"line":37,"column":6}},"15":{"start":{"line":36,"column":41},"end":{"line":36,"column":51}}},"fnMap":{"0":{"name":"(anonymous_0)","decl":{"start":{"line":12,"column":59},"end":{"line":12,"column":68}},"loc":{"start":{"line":12,"column":85},"end":{"line":22,"column":1}}},"1":{"name":"(anonymous_1)","decl":{"start":{"line":24,"column":71},"end":{"line":24,"column":80}},"loc":{"start":{"line":24,"column":101},"end":{"line":38,"column":1}}},"2":{"name":"(anonymous_2)","decl":{"start":{"line":33,"column":52},"end":{"line":33,"column":58}},"loc":{"start":{"line":33,"column":58},"end":{"line":33,"column":78}}},"3":{"name":"(anonymous_3)","decl":{"start":{"line":36,"column":28},"end":{"line":36,"column":37}},"loc":{"start":{"line":36,"column":37},"end":{"line":36,"column":50}}}},"branchMap":{"0":{"loc":{"start":{"line":15,"column":4},"end":{"line":15,"column":30}},"type":"if","locations":[{"start":{"line":15,"column":4},"end":{"line":15,"column":30}},{"start":{"line":15,"column":4},"end":{"line":15,"column":30}}]},"1":{"loc":{"start":{"line":25,"column":4},"end":{"line":30,"column":null}},"type":"if","locations":[{"start":{"line":25,"column":4},"end":{"line":30,"column":null}},{"start":{"line":25,"column":4},"end":{"line":30,"column":null}}]}},"s":{"0":1,"1":12,"2":12,"3":12,"4":4,"5":32,"6":8,"7":1,"8":3,"9":1,"10":2,"11":2,"12":2,"13":12,"14":2,"15":12},"f":{"0":12,"1":3,"2":12,"3":12},"b":{"0":[4,8],"1":[1,2]}}
}
